22:54:17 INFO  : Registering command handlers for SDK TCF services
22:54:19 INFO  : Launching XSCT server: xsct.bat -interactive C:\Users\ION\project_2\project_2.sdk\temp_xsdb_launch_script.tcl
22:54:30 INFO  : XSCT server has started successfully.
22:54:36 INFO  : Successfully done setting XSCT server connection channel  
22:54:36 INFO  : Successfully done setting SDK workspace  
22:54:36 INFO  : Processing command line option -hwspec C:/Users/ION/project_2/project_2.sdk/system_wrapper.hdf.
10:18:11 INFO  : Registering command handlers for SDK TCF services
10:18:14 INFO  : Launching XSCT server: xsct.bat -interactive C:\Users\mihai\Desktop\project_2\project_2.sdk\temp_xsdb_launch_script.tcl
10:18:23 INFO  : XSCT server has started successfully.
10:18:23 INFO  : Successfully done setting XSCT server connection channel  
10:18:38 INFO  : Successfully done setting SDK workspace  
10:18:38 INFO  : Processing command line option -hwspec C:/Users/mihai/Desktop/project_2/project_2.sdk/system_wrapper.hdf.
10:21:26 INFO  : Connected to target on host '127.0.0.1' and port '3121'.
10:21:29 INFO  : 'targets -set -filter {jtag_cable_name =~ "Digilent Nexys4DDR 210292742896A" && level==0} -index 0' command is executed.
10:21:31 INFO  : FPGA configured successfully with bitstream "C:/Users/mihai/Desktop/project_2/project_2.sdk/system_wrapper_hw_platform_0/download.bit"
10:24:41 WARN  : Given IPC port value is invalid. Using default port 2350
10:24:41 WARN  : Given XMD timeout value is invalid. Using default value of 50000
10:24:44 WARN  : Given XMD transaction timeout value is invalid. Using default value of 60000 milli seconds
10:24:44 WARN  : Given XMD transaction timeout value is invalid. Using default value of 60000 milli seconds
10:24:49 WARN  : Given XMD transaction timeout value is invalid. Using default value of 60000 milli seconds
10:24:50 ERROR : Unexpected error while launching program.
java.lang.IllegalArgumentException: Path for project must have only one segment.
	at org.eclipse.core.runtime.Assert.isLegal(Assert.java:63)
	at org.eclipse.core.internal.resources.WorkspaceRoot.getProject(WorkspaceRoot.java:147)
	at org.eclipse.cdt.debug.core.CDebugUtils.verifyCProject(CDebugUtils.java:618)
	at org.eclipse.cdt.debug.core.CDebugUtils.verifyProgramPath(CDebugUtils.java:655)
	at org.eclipse.cdt.debug.core.CDebugUtils.verifyProgramPath(CDebugUtils.java:707)
	at com.xilinx.sdk.debug.core.XilinxAppLaunchConfigurationDelegate.runApplication(XilinxAppLaunchConfigurationDelegate.java:578)
	at com.xilinx.sdk.debug.core.XilinxAppLaunchConfigurationDelegate.launch(XilinxAppLaunchConfigurationDelegate.java:309)
	at com.xilinx.sdk.debug.ui.XilinxAppLaunchDelegateWrapper.launch(XilinxAppLaunchDelegateWrapper.java:31)
	at org.eclipse.debug.internal.core.LaunchConfiguration.launch(LaunchConfiguration.java:885)
	at org.eclipse.debug.internal.core.LaunchConfiguration.launch(LaunchConfiguration.java:739)
	at org.eclipse.debug.internal.ui.DebugUIPlugin.buildAndLaunch(DebugUIPlugin.java:1039)
	at org.eclipse.debug.internal.ui.DebugUIPlugin$8.run(DebugUIPlugin.java:1256)
	at org.eclipse.core.internal.jobs.Worker.run(Worker.java:55)
10:25:11 WARN  : Given XMD transaction timeout value is invalid. Using default value of 60000 milli seconds
10:25:11 ERROR : Unexpected error while launching program.
java.lang.IllegalArgumentException: Path for project must have only one segment.
	at org.eclipse.core.runtime.Assert.isLegal(Assert.java:63)
	at org.eclipse.core.internal.resources.WorkspaceRoot.getProject(WorkspaceRoot.java:147)
	at org.eclipse.cdt.debug.core.CDebugUtils.verifyCProject(CDebugUtils.java:618)
	at org.eclipse.cdt.debug.core.CDebugUtils.verifyProgramPath(CDebugUtils.java:655)
	at org.eclipse.cdt.debug.core.CDebugUtils.verifyProgramPath(CDebugUtils.java:707)
	at com.xilinx.sdk.debug.core.XilinxAppLaunchConfigurationDelegate.runApplication(XilinxAppLaunchConfigurationDelegate.java:578)
	at com.xilinx.sdk.debug.core.XilinxAppLaunchConfigurationDelegate.launch(XilinxAppLaunchConfigurationDelegate.java:309)
	at com.xilinx.sdk.debug.ui.XilinxAppLaunchDelegateWrapper.launch(XilinxAppLaunchDelegateWrapper.java:31)
	at org.eclipse.debug.internal.core.LaunchConfiguration.launch(LaunchConfiguration.java:885)
	at org.eclipse.debug.internal.core.LaunchConfiguration.launch(LaunchConfiguration.java:739)
	at org.eclipse.debug.internal.ui.DebugUIPlugin.buildAndLaunch(DebugUIPlugin.java:1039)
	at org.eclipse.debug.internal.ui.DebugUIPlugin$8.run(DebugUIPlugin.java:1256)
	at org.eclipse.core.internal.jobs.Worker.run(Worker.java:55)
10:27:04 WARN  : Given XMD transaction timeout value is invalid. Using default value of 60000 milli seconds
10:27:08 WARN  : Given XMD transaction timeout value is invalid. Using default value of 60000 milli seconds
10:28:50 WARN  : Given XMD transaction timeout value is invalid. Using default value of 60000 milli seconds
10:29:17 INFO  : Connected to target on host '127.0.0.1' and port '3121'.
10:29:18 INFO  : 'targets -set -filter {jtag_cable_name =~ "Digilent Nexys4DDR 210292742896A" && level==0} -index 0' command is executed.
10:29:21 INFO  : FPGA configured successfully with bitstream "C:/Users/mihai/Desktop/project_2/project_2.sdk/system_wrapper_hw_platform_0/download.bit"
10:29:27 WARN  : Given XMD transaction timeout value is invalid. Using default value of 60000 milli seconds
10:29:27 WARN  : Given XMD transaction timeout value is invalid. Using default value of 60000 milli seconds
10:29:27 WARN  : Given XMD transaction timeout value is invalid. Using default value of 60000 milli seconds
10:29:27 WARN  : Given XMD transaction timeout value is invalid. Using default value of 60000 milli seconds
10:29:27 WARN  : Given XMD transaction timeout value is invalid. Using default value of 60000 milli seconds
10:29:27 INFO  : Processor reset is completed for microblaze_0
10:29:27 WARN  : Given XMD transaction timeout value is invalid. Using default value of 60000 milli seconds
10:29:27 WARN  : Given XMD transaction timeout value is invalid. Using default value of 60000 milli seconds
10:29:27 WARN  : Given XMD transaction timeout value is invalid. Using default value of 60000 milli seconds
10:29:28 WARN  : Given XMD transaction timeout value is invalid. Using default value of 60000 milli seconds
10:29:28 WARN  : Given XMD transaction timeout value is invalid. Using default value of 60000 milli seconds
10:29:28 WARN  : Given XMD transaction timeout value is invalid. Using default value of 60000 milli seconds
10:29:28 WARN  : Given XMD transaction timeout value is invalid. Using default value of 60000 milli seconds
10:29:28 WARN  : Given XMD transaction timeout value is invalid. Using default value of 60000 milli seconds
10:29:28 WARN  : Given XMD transaction timeout value is invalid. Using default value of 60000 milli seconds
10:29:28 WARN  : Given XMD transaction timeout value is invalid. Using default value of 60000 milli seconds
10:36:27 WARN  : Given XMD transaction timeout value is invalid. Using default value of 60000 milli seconds
10:36:27 WARN  : Given XMD transaction timeout value is invalid. Using default value of 60000 milli seconds
10:36:27 WARN  : Given XMD transaction timeout value is invalid. Using default value of 60000 milli seconds
10:36:27 WARN  : Given XMD transaction timeout value is invalid. Using default value of 60000 milli seconds
10:36:27 WARN  : Given XMD transaction timeout value is invalid. Using default value of 60000 milli seconds
10:36:27 INFO  : Processor reset is completed for microblaze_0
10:36:27 WARN  : Given XMD transaction timeout value is invalid. Using default value of 60000 milli seconds
10:36:27 WARN  : Given XMD transaction timeout value is invalid. Using default value of 60000 milli seconds
10:36:27 WARN  : Given XMD transaction timeout value is invalid. Using default value of 60000 milli seconds
10:36:27 WARN  : Given XMD transaction timeout value is invalid. Using default value of 60000 milli seconds
10:36:27 WARN  : Given XMD transaction timeout value is invalid. Using default value of 60000 milli seconds
10:36:27 WARN  : Given XMD transaction timeout value is invalid. Using default value of 60000 milli seconds
10:36:28 WARN  : Given XMD transaction timeout value is invalid. Using default value of 60000 milli seconds
10:36:28 WARN  : Given XMD transaction timeout value is invalid. Using default value of 60000 milli seconds
10:36:28 WARN  : Given XMD transaction timeout value is invalid. Using default value of 60000 milli seconds
10:36:28 WARN  : Given XMD transaction timeout value is invalid. Using default value of 60000 milli seconds
10:36:39 WARN  : Given XMD transaction timeout value is invalid. Using default value of 60000 milli seconds
10:36:39 WARN  : Given XMD transaction timeout value is invalid. Using default value of 60000 milli seconds
10:36:39 WARN  : Given XMD transaction timeout value is invalid. Using default value of 60000 milli seconds
10:36:39 WARN  : Given XMD transaction timeout value is invalid. Using default value of 60000 milli seconds
10:36:39 WARN  : Given XMD transaction timeout value is invalid. Using default value of 60000 milli seconds
10:36:39 INFO  : Processor reset is completed for microblaze_0
10:36:39 WARN  : Given XMD transaction timeout value is invalid. Using default value of 60000 milli seconds
10:36:39 WARN  : Given XMD transaction timeout value is invalid. Using default value of 60000 milli seconds
10:36:40 WARN  : Given XMD transaction timeout value is invalid. Using default value of 60000 milli seconds
10:36:40 WARN  : Given XMD transaction timeout value is invalid. Using default value of 60000 milli seconds
10:36:40 WARN  : Given XMD transaction timeout value is invalid. Using default value of 60000 milli seconds
10:36:40 WARN  : Given XMD transaction timeout value is invalid. Using default value of 60000 milli seconds
10:36:40 WARN  : Given XMD transaction timeout value is invalid. Using default value of 60000 milli seconds
10:36:40 WARN  : Given XMD transaction timeout value is invalid. Using default value of 60000 milli seconds
10:36:40 WARN  : Given XMD transaction timeout value is invalid. Using default value of 60000 milli seconds
10:36:40 WARN  : Given XMD transaction timeout value is invalid. Using default value of 60000 milli seconds
10:39:22 INFO  : FPGA Cable Disconnected. All active launches will be terminated.
10:39:22 WARN  : Given XMD transaction timeout value is invalid. Using default value of 60000 milli seconds
10:39:49 ERROR : Unexpected error while parsing XMD response ?: com.google.gson.JsonSyntaxException: com.google.gson.stream.MalformedJsonException: invalid number or unquoted string near 
